[INFO] ACT_START base_url=https://paper-api.alpaca.markets since=2026-01-05T00:00:00+00:00 lookback_days=30 origin=watermark page_size=100 max_pages=2000
[INFO] ACT_FETCH_OK count=4
[INFO] ACT_DB_OK inserted=4
[INFO] ACT_WATERMARK_OK value=2026-01-05T09:00:59.117153+00:00
[INFO] ACT_START base_url=https://paper-api.alpaca.markets since=2026-01-05T09:00:59.117153+00:00 lookback_days=30 origin=watermark page_size=100 max_pages=2000
[INFO] ACT_FETCH_OK count=2
[INFO] ACT_DB_OK inserted=2
[INFO] ACT_WATERMARK_OK value=2026-01-05T00:00:00+00:00
[INFO] ACT_START base_url=https://paper-api.alpaca.markets since=2026-01-05T00:00:00+00:00 lookback_days=30 origin=watermark page_size=100 max_pages=2000
[INFO] ACT_FETCH_OK count=4
[INFO] ACT_DB_OK inserted=4
[INFO] ACT_WATERMARK_OK value=2026-01-05T09:00:59.117153+00:00
[INFO] ACT_START base_url=https://paper-api.alpaca.markets since=2026-01-05T09:00:59.117153+00:00 lookback_days=30 origin=watermark page_size=100 max_pages=2000
[INFO] ACT_FETCH_OK count=2
[INFO] ACT_DB_OK inserted=2
[INFO] ACT_WATERMARK_OK value=2026-01-05T00:00:00+00:00
[INFO] ACT_START base_url=https://paper-api.alpaca.markets since=2026-01-05T00:00:00+00:00 lookback_days=30 origin=watermark page_size=100 max_pages=2000
[INFO] ACT_FETCH_OK count=4
[INFO] ACT_DB_OK inserted=4
[INFO] ACT_WATERMARK_OK value=2026-01-05T09:00:59.117153+00:00
[INFO] ACT_START base_url=https://paper-api.alpaca.markets since=2026-01-05T09:00:59.117153+00:00 lookback_days=30 origin=watermark page_size=100 max_pages=2000
[INFO] ACT_FETCH_OK count=2
[INFO] ACT_DB_OK inserted=2
[INFO] ACT_WATERMARK_OK value=2026-01-05T00:00:00+00:00
[INFO] ACT_START base_url=https://paper-api.alpaca.markets since=2026-01-05T00:00:00+00:00 lookback_days=30 origin=watermark page_size=100 max_pages=2000
[INFO] ACT_FETCH_OK count=4
[INFO] ACT_DB_OK inserted=4
[INFO] ACT_WATERMARK_OK value=2026-01-05T09:00:59.117153+00:00
[INFO] ACT_START base_url=https://paper-api.alpaca.markets since=2026-01-05T09:00:59.117153+00:00 lookback_days=30 origin=watermark page_size=100 max_pages=2000
[INFO] ACT_FETCH_OK count=2
[INFO] ACT_DB_OK inserted=2
[INFO] ACT_WATERMARK_OK value=2026-01-05T00:00:00+00:00
[INFO] ACT_START base_url=https://paper-api.alpaca.markets since=2026-01-05T00:00:00+00:00 lookback_days=30 origin=watermark page_size=100 max_pages=2000
[INFO] ACT_FETCH_OK count=4
[INFO] ACT_DB_OK inserted=4
[INFO] ACT_WATERMARK_OK value=2026-01-05T09:00:59.117153+00:00
[INFO] ACT_START base_url=https://paper-api.alpaca.markets since=2026-01-05T09:00:59.117153+00:00 lookback_days=30 origin=watermark page_size=100 max_pages=2000
[INFO] ACT_FETCH_OK count=2
[INFO] ACT_DB_OK inserted=2
[INFO] ACT_WATERMARK_OK value=2026-01-05T00:00:00+00:00
[INFO] ACT_START base_url=https://paper-api.alpaca.markets since=2026-01-05T00:00:00+00:00 lookback_days=30 origin=watermark page_size=100 max_pages=2000
[INFO] ACT_FETCH_OK count=4
[INFO] ACT_DB_OK inserted=4
[INFO] ACT_WATERMARK_OK value=2026-01-05T09:00:59.117153+00:00
[INFO] ACT_START base_url=https://paper-api.alpaca.markets since=2026-01-05T09:00:59.117153+00:00 lookback_days=30 origin=watermark page_size=100 max_pages=2000
[INFO] ACT_FETCH_OK count=2
[INFO] ACT_DB_OK inserted=2
[INFO] ACT_WATERMARK_OK value=2026-01-05T00:00:00+00:00
[INFO] ACT_START base_url=https://paper-api.alpaca.markets since=2026-01-05T00:00:00+00:00 lookback_days=30 origin=watermark page_size=100 max_pages=2000
[INFO] ACT_FETCH_OK count=4
[INFO] ACT_DB_OK inserted=4
[INFO] ACT_WATERMARK_OK value=2026-01-05T09:00:59.117153+00:00
[INFO] ACT_START base_url=https://paper-api.alpaca.markets since=2026-01-05T09:00:59.117153+00:00 lookback_days=30 origin=watermark page_size=100 max_pages=2000
[INFO] ACT_FETCH_OK count=2
[INFO] ACT_DB_OK inserted=2
[INFO] ACT_WATERMARK_OK value=2026-01-05T00:00:00+00:00
[INFO] ACT_START base_url=https://paper-api.alpaca.markets since=2026-01-05T00:00:00+00:00 lookback_days=30 origin=watermark page_size=100 max_pages=2000
[INFO] ACT_FETCH_OK count=4
[INFO] ACT_DB_OK inserted=4
[INFO] ACT_WATERMARK_OK value=2026-01-05T09:00:59.117153+00:00
[INFO] ACT_START base_url=https://paper-api.alpaca.markets since=2026-01-05T09:00:59.117153+00:00 lookback_days=30 origin=watermark page_size=100 max_pages=2000
[INFO] ACT_FETCH_OK count=2
[INFO] ACT_DB_OK inserted=2
[INFO] ACT_WATERMARK_OK value=2026-01-05T00:00:00+00:00
[INFO] ACT_START base_url=https://paper-api.alpaca.markets since=2026-01-05T00:00:00+00:00 lookback_days=30 origin=watermark page_size=100 max_pages=2000
[INFO] ACT_FETCH_OK count=4
[INFO] ACT_DB_OK inserted=4
[INFO] ACT_WATERMARK_OK value=2026-01-05T09:00:59.117153+00:00
[INFO] ACT_START base_url=https://paper-api.alpaca.markets since=2026-01-05T09:00:59.117153+00:00 lookback_days=30 origin=watermark page_size=100 max_pages=2000
[INFO] ACT_FETCH_OK count=2
[INFO] ACT_DB_OK inserted=2
[INFO] ACT_WATERMARK_OK value=2026-01-05T00:00:00+00:00
[INFO] ACT_START base_url=https://paper-api.alpaca.markets since=2026-01-05T00:00:00+00:00 lookback_days=30 origin=watermark page_size=100 max_pages=2000
[INFO] ACT_FETCH_OK count=4
[INFO] ACT_DB_OK inserted=4
[INFO] ACT_WATERMARK_OK value=2026-01-05T09:00:59.117153+00:00
[INFO] ACT_START base_url=https://paper-api.alpaca.markets since=2026-01-05T09:00:59.117153+00:00 lookback_days=30 origin=watermark page_size=100 max_pages=2000
[INFO] ACT_FETCH_OK count=2
[INFO] ACT_DB_OK inserted=2
[INFO] ACT_WATERMARK_OK value=2026-01-05T00:00:00+00:00
[INFO] ACT_START base_url=https://paper-api.alpaca.markets since=2026-01-05T00:00:00+00:00 lookback_days=30 origin=watermark page_size=100 max_pages=2000
[INFO] ACT_FETCH_OK count=4
[INFO] ACT_DB_OK inserted=4
[INFO] ACT_WATERMARK_OK value=2026-01-05T09:00:59.117153+00:00
[INFO] ACT_START base_url=https://paper-api.alpaca.markets since=2026-01-05T09:00:59.117153+00:00 lookback_days=30 origin=watermark page_size=100 max_pages=2000
[INFO] ACT_FETCH_OK count=2
[INFO] ACT_DB_OK inserted=2
[INFO] ACT_WATERMARK_OK value=2026-01-05T00:00:00+00:00
[INFO] ACT_START base_url=https://paper-api.alpaca.markets since=2026-01-05T00:00:00+00:00 lookback_days=30 origin=watermark page_size=100 max_pages=2000
[INFO] ACT_FETCH_OK count=4
[INFO] ACT_DB_OK inserted=4
[INFO] ACT_WATERMARK_OK value=2026-01-05T09:00:59.117153+00:00
[INFO] ACT_START base_url=https://paper-api.alpaca.markets since=2026-01-05T09:00:59.117153+00:00 lookback_days=30 origin=watermark page_size=100 max_pages=2000
[INFO] ACT_FETCH_OK count=2
[INFO] ACT_DB_OK inserted=2
[INFO] ACT_WATERMARK_OK value=2026-01-05T00:00:00+00:00
[INFO] ACT_START base_url=https://paper-api.alpaca.markets since=2026-01-05T00:00:00+00:00 lookback_days=30 origin=watermark page_size=100 max_pages=2000
[INFO] ACT_FETCH_OK count=4
[INFO] ACT_DB_OK inserted=4
[INFO] ACT_WATERMARK_OK value=2026-01-05T09:00:59.117153+00:00
[INFO] ACT_START base_url=https://paper-api.alpaca.markets since=2026-01-05T09:00:59.117153+00:00 lookback_days=30 origin=watermark page_size=100 max_pages=2000
[INFO] ACT_FETCH_OK count=2
[INFO] ACT_DB_OK inserted=2
[INFO] ACT_WATERMARK_OK value=2026-01-05T00:00:00+00:00
[INFO] ACT_START base_url=https://paper-api.alpaca.markets since=2026-01-05T00:00:00+00:00 lookback_days=30 origin=watermark page_size=100 max_pages=2000
[INFO] ACT_FETCH_OK count=4
[INFO] ACT_DB_OK inserted=4
[INFO] ACT_WATERMARK_OK value=2026-01-05T09:00:59.117153+00:00
[INFO] ACT_START base_url=https://paper-api.alpaca.markets since=2026-01-05T09:00:59.117153+00:00 lookback_days=30 origin=watermark page_size=100 max_pages=2000
[INFO] ACT_FETCH_OK count=2
[INFO] ACT_DB_OK inserted=2
[INFO] ACT_WATERMARK_OK value=2026-01-05T00:00:00+00:00
[INFO] ACT_START base_url=https://paper-api.alpaca.markets since=2026-01-05T00:00:00+00:00 lookback_days=30 origin=watermark page_size=100 max_pages=2000
[INFO] ACT_FETCH_OK count=4
[INFO] ACT_DB_OK inserted=4
[INFO] ACT_WATERMARK_OK value=2026-01-05T09:00:59.117153+00:00
[INFO] ACT_START base_url=https://paper-api.alpaca.markets since=2026-01-05T09:00:59.117153+00:00 lookback_days=30 origin=watermark page_size=100 max_pages=2000
[INFO] ACT_FETCH_OK count=2
[INFO] ACT_DB_OK inserted=2
[INFO] ACT_WATERMARK_OK value=2026-01-05T00:00:00+00:00
[INFO] ACT_START base_url=https://paper-api.alpaca.markets since=2026-01-05T00:00:00+00:00 lookback_days=30 origin=watermark page_size=100 max_pages=2000
[INFO] ACT_FETCH_OK count=4
[INFO] ACT_DB_OK inserted=4
[INFO] ACT_WATERMARK_OK value=2026-01-05T09:00:59.117153+00:00
[INFO] ACT_START base_url=https://paper-api.alpaca.markets since=2026-01-05T09:00:59.117153+00:00 lookback_days=30 origin=watermark page_size=100 max_pages=2000
[INFO] ACT_FETCH_OK count=2
[INFO] ACT_DB_OK inserted=2
[INFO] ACT_WATERMARK_OK value=2026-01-05T00:00:00+00:00
[INFO] ACT_START base_url=https://paper-api.alpaca.markets since=2026-01-05T00:00:00+00:00 lookback_days=30 origin=watermark page_size=100 max_pages=2000
[INFO] ACT_FETCH_OK count=4
[INFO] ACT_DB_OK inserted=4
[INFO] ACT_WATERMARK_OK value=2026-01-05T09:00:59.117153+00:00
[INFO] ACT_START base_url=https://paper-api.alpaca.markets since=2026-01-05T09:00:59.117153+00:00 lookback_days=30 origin=watermark page_size=100 max_pages=2000
[INFO] ACT_FETCH_OK count=2
[INFO] ACT_DB_OK inserted=2
[INFO] ACT_WATERMARK_OK value=2026-01-05T00:00:00+00:00
[INFO] ACT_START base_url=https://paper-api.alpaca.markets since=2026-01-05T00:00:00+00:00 lookback_days=30 origin=watermark page_size=100 max_pages=2000
[INFO] ACT_FETCH_OK count=4
[INFO] ACT_DB_OK inserted=4
[INFO] ACT_WATERMARK_OK value=2026-01-05T09:00:59.117153+00:00
[INFO] ACT_START base_url=https://paper-api.alpaca.markets since=2026-01-05T09:00:59.117153+00:00 lookback_days=30 origin=watermark page_size=100 max_pages=2000
[INFO] ACT_FETCH_OK count=2
[INFO] ACT_DB_OK inserted=2
[INFO] ACT_WATERMARK_OK value=2026-01-05T00:00:00+00:00
[INFO] ACT_START base_url=https://paper-api.alpaca.markets since=2026-01-05T00:00:00+00:00 lookback_days=30 origin=watermark page_size=100 max_pages=2000
[INFO] ACT_FETCH_OK count=4
[INFO] ACT_DB_OK inserted=4
[INFO] ACT_WATERMARK_OK value=2026-01-05T09:00:59.117153+00:00
[INFO] ACT_START base_url=https://paper-api.alpaca.markets since=2026-01-05T09:00:59.117153+00:00 lookback_days=30 origin=watermark page_size=100 max_pages=2000
[INFO] ACT_FETCH_OK count=2
[INFO] ACT_DB_OK inserted=2
[INFO] ACT_WATERMARK_OK value=2026-01-05T00:00:00+00:00
