[2026-01-18T17:03:35.310762+00:00] START ranker_predict
[2026-01-18 11:03:45,698] [INFO]: Loading features from DB (ml_artifacts: features)
[2026-01-18 11:03:57,225] [INFO]: Loading model from C:\Users\RasPa\JBravoGit\JBRAVO_Screener\data\models\ranker_2026-01-18.pkl
[2026-01-18 11:03:59,505] [INFO]: Predictions written to C:\Users\RasPa\JBravoGit\JBRAVO_Screener\data\predictions\predictions_2026-01-18.csv (rows=348606, mean_score=0.2759)
[2026-01-18 11:04:50,979] [INFO]: [INFO] PREDICTIONS_DB_WRITTEN run_date=2026-01-18 rows=348606
[2026-01-18T17:04:51.128656+00:00] END ranker_predict rc=0 secs=75.8
[2026-01-18T17:06:31.363045+00:00] START ranker_predict
[2026-01-18 11:06:41,647] [INFO]: Loading features from DB (ml_artifacts: features)
[2026-01-18 11:06:52,969] [INFO]: Loading model from C:\Users\RasPa\JBravoGit\JBRAVO_Screener\data\models\ranker_2026-01-18.pkl
[2026-01-18 11:06:55,125] [INFO]: Predictions written to C:\Users\RasPa\JBravoGit\JBRAVO_Screener\data\predictions\predictions_2026-01-18.csv (rows=348606, mean_score=0.2759)
[2026-01-18 11:07:31,786] [INFO]: [INFO] PREDICTIONS_DB_WRITTEN run_date=2026-01-18 rows=348606
[2026-01-18T17:07:31.926910+00:00] END ranker_predict rc=0 secs=60.6
[2026-01-18T17:23:40.915512+00:00] START ranker_predict
[2026-01-18 11:24:03,261] [INFO]: Loading features from DB (ml_artifacts: features)
[2026-01-18 11:24:44,386] [INFO]: Loading model from C:\Users\RasPa\JBravoGit\JBRAVO_Screener\data\models\ranker_2026-01-18.pkl
[2026-01-18 11:25:00,646] [INFO]: Predictions written to C:\Users\RasPa\JBravoGit\JBRAVO_Screener\data\predictions\predictions_2026-01-18.csv (rows=348606, mean_score=0.2759)
[2026-01-18 11:25:57,084] [INFO]: [INFO] PREDICTIONS_DB_WRITTEN run_date=2026-01-18 rows=348606
[2026-01-18T17:25:57.561054+00:00] END ranker_predict rc=0 secs=136.6
[2026-01-18T17:34:40.699332+00:00] START ranker_predict
[2026-01-18 11:34:48,798] [INFO]: Loading features from DB (ml_artifacts: features)
[2026-01-18 11:34:57,885] [INFO]: Loading model from C:\Users\RasPa\JBravoGit\JBRAVO_Screener\data\models\ranker_2026-01-18.pkl
[2026-01-18 11:34:59,996] [INFO]: Predictions written to C:\Users\RasPa\JBravoGit\JBRAVO_Screener\data\predictions\predictions_2026-01-18.csv (rows=348606, mean_score=0.2759)
[2026-01-18 11:35:37,820] [INFO]: [INFO] PREDICTIONS_DB_WRITTEN run_date=2026-01-18 rows=348606
[2026-01-18T17:35:37.948319+00:00] END ranker_predict rc=0 secs=57.2
[2026-01-18T18:08:34.567703+00:00] START ranker_predict
[2026-01-18 12:08:42,667] [INFO]: Loading features from DB (ml_artifacts: features)
[2026-01-18 12:08:51,935] [INFO]: Loading model from C:\Users\RasPa\JBravoGit\JBRAVO_Screener\data\models\ranker_2026-01-18.pkl
[2026-01-18 12:08:54,265] [INFO]: Predictions written to C:\Users\RasPa\JBravoGit\JBRAVO_Screener\data\predictions\predictions_2026-01-18.csv (rows=348606, mean_score=0.2759)
[2026-01-18 12:09:33,176] [INFO]: [INFO] PREDICTIONS_DB_WRITTEN run_date=2026-01-18 rows=348606
[2026-01-18T18:09:33.317458+00:00] END ranker_predict rc=0 secs=58.8
