[2026-01-18T17:02:03.774058+00:00] START features
[WARNING] [WARN] FEATURES_BARS_STALE latest_bar_date=2026-01-16 run_date=2026-01-18 bars_path=data\daily_bars.csv
[WARNING] [WARN] FEATURES_LABELS_STALE latest_label_date=2026-01-16 run_date=2026-01-18 labels_path=None
[INFO] Features written to data\features\features_2026-01-18.csv
[INFO] [INFO] FEATURES_DB_WRITTEN run_date=2026-01-18 rows=348606
[2026-01-18T17:03:15.016165+00:00] END features rc=0 secs=71.2
[2026-01-18T17:05:22.803747+00:00] START features
[WARNING] [WARN] FEATURES_BARS_STALE latest_bar_date=2026-01-16 run_date=2026-01-18 bars_path=data\daily_bars.csv
[WARNING] [WARN] FEATURES_LABELS_STALE latest_label_date=2026-01-16 run_date=2026-01-18 labels_path=None
[INFO] Features written to data\features\features_2026-01-18.csv
[INFO] [INFO] FEATURES_DB_WRITTEN run_date=2026-01-18 rows=348606
[2026-01-18T17:06:31.361347+00:00] END features rc=0 secs=68.6
[2026-01-18T17:21:57.422782+00:00] START features
[WARNING] [WARN] FEATURES_BARS_STALE latest_bar_date=2026-01-16 run_date=2026-01-18 bars_path=data\daily_bars.csv
[WARNING] [WARN] FEATURES_LABELS_STALE latest_label_date=2026-01-16 run_date=2026-01-18 labels_path=None
[INFO] Features written to data\features\features_2026-01-18.csv
[INFO] [INFO] FEATURES_DB_WRITTEN run_date=2026-01-18 rows=348606
[2026-01-18T17:23:40.910969+00:00] END features rc=0 secs=103.5
[2026-01-18T17:33:43.988775+00:00] START features
[WARNING] [WARN] FEATURES_BARS_STALE latest_bar_date=2026-01-16 run_date=2026-01-18 bars_path=data\daily_bars.csv
[WARNING] [WARN] FEATURES_LABELS_STALE latest_label_date=2026-01-16 run_date=2026-01-18 labels_path=None
[INFO] Features written to data\features\features_2026-01-18.csv
[INFO] [INFO] FEATURES_DB_WRITTEN run_date=2026-01-18 rows=348606
[2026-01-18T17:34:40.698013+00:00] END features rc=0 secs=56.7
[2026-01-18T18:07:37.164715+00:00] START features
[WARNING] [WARN] FEATURES_BARS_STALE latest_bar_date=2026-01-16 run_date=2026-01-18 bars_path=data\daily_bars.csv
[WARNING] [WARN] FEATURES_LABELS_STALE latest_label_date=2026-01-16 run_date=2026-01-18 labels_path=None
[INFO] Features written to data\features\features_2026-01-18.csv
[INFO] [INFO] FEATURES_DB_WRITTEN run_date=2026-01-18 rows=348606
[2026-01-18T18:08:34.566553+00:00] END features rc=0 secs=57.4
